2024-01-15 08:00:15.234 INFO Application starting version 2.3.4
2024-01-15 08:00:18.567 INFO Loading configuration from /etc/app/config.yaml
2024-01-15 08:00:22.891 WARNING Config parameter 'cache_size' not set, using default: 100MB
2024-01-15 08:00:25.123 INFO Database connection pool initialized
2024-01-15 08:01:34.456 ERROR NullPointerException in UserService.getUser()
	at com.app.UserService.getUser(UserService.java:45)
	at com.app.Controller.handleRequest(Controller.java:123)
	at com.app.Main.processRequest(Main.java:78)
2024-01-15 08:02:45.789 WARNING Performance degradation detected: response time > 2000ms
2024-01-15 08:03:12.234 ERROR Database query failed: connection timeout
2024-01-15 08:03:15.567 INFO Retrying database connection...
2024-01-15 08:03:18.890 INFO Database connection restored
2024-01-15 08:04:23.456 ERROR Failed to parse JSON: unexpected token at position 234
2024-01-15 08:05:34.789 WARNING Memory usage high: 85% of heap utilized
2024-01-15 08:06:45.123 ERROR FileNotFoundException: /data/config.xml not found
	at java.io.FileInputStream.open(FileInputStream.java:234)
	at com.app.ConfigLoader.load(ConfigLoader.java:56)
2024-01-15 08:07:56.456 INFO Cache cleared successfully
2024-01-15 08:08:12.789 ERROR Authentication failed: invalid token
2024-01-15 08:09:23.123 WARNING Deprecated API endpoint accessed: /api/v1/oldmethod
2024-01-15 08:10:34.456 ERROR IndexOutOfBoundsException: Index 10 out of bounds for length 5
	at java.util.ArrayList.get(ArrayList.java:123)
	at com.app.DataProcessor.process(DataProcessor.java:89)
2024-01-15 08:11:45.789 INFO Scheduled task 'cleanup' completed
2024-01-15 08:12:56.123 ERROR Connection pool exhausted: no available connections
2024-01-15 08:13:12.456 WARNING SSL certificate validation failed for external service
2024-01-15 08:14:23.789 INFO Application shutdown initiated
