2024-01-15 08:15:23 INFO System startup completed successfully
2024-01-15 08:16:45 INFO Network service started on port 8080
2024-01-15 08:18:12 WARNING Memory usage at 78% threshold
2024-01-15 08:19:34 ERROR Failed to connect to database server
2024-01-15 08:20:01 INFO Database connection retry attempt 1
2024-01-15 08:20:05 ERROR Database connection failed: timeout exceeded
2024-01-15 08:22:17 INFO Service health check passed
2024-01-15 08:25:43 WARNING Disk space below 20% on /var partition
2024-01-15 08:27:09 ERROR Process crashed: segmentation fault in module xyz
2024-01-15 08:28:15 INFO Automatic restart initiated
2024-01-15 08:28:45 INFO System recovery completed
2024-01-15 08:30:22 WARNING High CPU usage detected: 92%
2024-01-15 08:32:11 INFO Scheduled backup started
2024-01-15 08:35:47 ERROR Backup failed: insufficient permissions
2024-01-15 08:36:23 INFO Manual backup initiated by admin
2024-01-15 08:40:15 INFO Backup completed successfully
2024-01-15 08:42:33 WARNING SSL certificate expires in 30 days
2024-01-15 08:45:01 ERROR Network timeout on interface eth0
2024-01-15 08:45:30 INFO Network interface eth0 restarted
2024-01-15 08:47:12 INFO All services operational
